app/mapping.txt
# compiler: R8
# compiler_version: 1.5.64
# min_api: 15
# pg_map_id: 27efa01
com.example.testalihotfix.MainActivity -> com.example.testalihotfix.MainActivity:
    java.lang.String TAG -> t
    java.util.HashMap _$_findViewCache -> s
    android.view.View _$_findCachedViewById(int) -> c
com.example.testalihotfix.MainActivity$Companion -> com.example.testalihotfix.MainActivity$a:
com.example.testalihotfix.MainActivity$onCreate$1 -> com.example.testalihotfix.MainActivity$b:
    com.example.testalihotfix.MainActivity this$0 -> a
com.example.testalihotfix.MyRealApplication -> b.b.a.a:
com.example.testalihotfix.R$id -> b.b.a.b:
com.example.testalihotfix.SophixStubApplication -> com.example.testalihotfix.SophixStubApplication:
    void initSophix() -> a
com.example.testalihotfix.SophixStubApplication$1 -> com.example.testalihotfix.SophixStubApplication$a:
com.example.testalihotfix.TempActivity -> com.example.testalihotfix.TempActivity:
    java.util.HashMap _$_findViewCache -> s
    android.view.View _$_findCachedViewById(int) -> c
com.example.testalihotfix.TempActivity$onCreate$1 -> com.example.testalihotfix.TempActivity$a:
    com.example.testalihotfix.TempActivity this$0 -> a
...
androidx.appcompat.widget.ActionBarOverlayLayout$2 -> androidx.appcompat.widget.ActionBarOverlayLayout$b:
    androidx.appcompat.widget.ActionBarOverlayLayout this$0 -> a
androidx.appcompat.widget.ActionBarOverlayLayout$3 -> androidx.appcompat.widget.ActionBarOverlayLayout$c:
    androidx.appcompat.widget.ActionBarOverlayLayout this$0 -> a
androidx.appcompat.widget.ActionBarOverlayLayout$ActionBarVisibilityCallback -> androidx.appcompat.widget.ActionBarOverlayLayout$d:
    void enableContentAnimations(boolean) -> a
    void onContentScrollStarted() -> a
    void onWindowVisibilityChanged(int) -> a
    void hideForSystem() -> b
    void showForSystem() -> c
    void onContentScrollStopped() -> d
androidx.appcompat.widget.ActionBarOverlayLayout$LayoutParams -> androidx.appcompat.widget.ActionBarOverlayLayout$e:
androidx.appcompat.widget.ActionMenuPresenter -> a.b.p.c:
    boolean mReserveOverflow -> m
    boolean mReserveOverflowSet -> n
    int mWidthLimit -> o
    boolean mPendingOverflowIconSet -> l
    boolean mExpandedActionViewsExclusive -> u
    androidx.appcompat.widget.ActionMenuPresenter$PopupPresenterCallback mPopupPresenterCallback -> B
    androidx.appcompat.widget.ActionMenuPresenter$ActionButtonSubmenu mActionButtonPopup -> y
    android.util.SparseBooleanArray mActionButtonGroups -> w
    boolean mMaxItemsSet -> r
    int mOpenSubMenuId -> C
    androidx.appcompat.widget.ActionMenuPresenter$OverflowMenuButton mOverflowButton -> i
    boolean mStrictWidthLimit -> s
    androidx.appcompat.widget.ActionMenuPresenter$OverflowPopup mOverflowPopup -> x
    boolean mWidthLimitSet -> t
    androidx.appcompat.widget.ActionMenuPresenter$ActionMenuPopupCallback mPopupCallback -> A
    androidx.appcompat.widget.ActionMenuPresenter$OpenOverflowRunnable mPostedOpenRunnable -> z
    android.graphics.drawable.Drawable mPendingOverflowIcon -> k
    int mMinCellSize -> v
    int mActionItemWidthLimit -> p
    int mMaxItems -> q
    androidx.appcompat.view.menu.MenuBuilder access$000(androidx.appcompat.widget.ActionMenuPresenter) -> a
    void bindItemView(androidx.appcompat.view.menu.MenuItemImpl,androidx.appcompat.view.menu.MenuView$ItemView) -> a
    boolean filterLeftoverView(android.view.ViewGroup,int) -> a
    android.view.View findViewForItem(android.view.MenuItem) -> a
androidx.appcompat.widget.ActionMenuPresenter$ActionButtonSubmenu -> a.b.p.c$a:
    androidx.appcompat.widget.ActionMenuPresenter this$0 -> m
    void onDismiss() -> e
androidx.appcompat.widget.ActionMenuPresenter$ActionMenuPopupCallback -> a.b.p.c$b:
    androidx.appcompat.widget.ActionMenuPresenter this$0 -> a
    androidx.appcompat.view.menu.ShowableListMenu getPopup() -> a
androidx.appcompat.widget.ActionMenuPresenter$OpenOverflowRunnable -> a.b.p.c$c:
    androidx.appcompat.widget.ActionMenuPresenter this$0 -> b
    androidx.appcompat.widget.ActionMenuPresenter$OverflowPopup mPopup -> a
androidx.appcompat.widget.ActionMenuPresenter$OverflowMenuButton -> a.b.p.c$d:
    androidx.appcompat.widget.ActionMenuPresenter this$0 -> c
    boolean needsDividerBefore() -> a
    boolean needsDividerAfter() -> b
androidx.appcompat.widget.ActionMenuPresenter$OverflowMenuButton$1 -> a.b.p.c$d$a:
    androidx.appcompat.widget.ActionMenuPresenter$OverflowMenuButton this$1 -> k
    androidx.appcompat.view.menu.ShowableListMenu getPopup() -> b
    boolean onForwardingStarted() -> c
    boolean onForwardingStopped() -> d
androidx.appcompat.widget.ActionMenuPresenter$OverflowPopup -> a.b.p.c$e:
    androidx.appcompat.widget.ActionMenuPresenter this$0 -> m
    void onDismiss() -> e
androidx.appcompat.widget.ActionMenuPresenter$PopupPresenterCallback -> a.b.p.c$f:
    androidx.appcompat.widget.ActionMenuPresenter this$0 -> a
    void onCloseMenu(androidx.appcompat.view.menu.MenuBuilder,boolean) -> a
    boolean onOpenSubMenu(androidx.appcompat.view.menu.MenuBuilder) -> a